Application version: 0.9.0.src
Platform: Linux-5.4.0-125-generic-x86_64-with-glibc2.17
Python version: 3.8.13 (default, Mar 28 2022, 11:38:47) 
[GCC 7.5.0]
Python 32/64 bit: 64
conda list output:
# packages in environment at /opt/anaconda3:
#
# Name                    Version                   Build  Channel
_ipyw_jlab_nb_ext_conf    0.1.0            py38h06a4308_1  
_libgcc_mutex             0.1                        main  
_openmp_mutex             4.5                       1_gnu  
aiohttp                   3.8.1            py38h7f8727e_1  
aiosignal                 1.2.0              pyhd3eb1b0_0  
alabaster                 0.7.12             pyhd3eb1b0_0  
anaconda                  2022.05                  py38_0  
anaconda-client           1.9.0            py38h06a4308_0  
anaconda-navigator        2.2.0            py38h06a4308_0  
anaconda-project          0.10.2             pyhd3eb1b0_0  
anyio                     3.5.0            py38h06a4308_0  
appdirs                   1.4.4              pyhd3eb1b0_0  
argon2-cffi               21.3.0             pyhd3eb1b0_0  
argon2-cffi-bindings      21.2.0           py38h7f8727e_0  
arrow                     1.2.2              pyhd3eb1b0_0  
astroid                   2.6.6            py38h06a4308_0  
astropy                   5.0.4            py38hce1f21e_0  
asttokens                 2.0.5              pyhd3eb1b0_0  
async-timeout             4.0.1              pyhd3eb1b0_0  
atomicwrites              1.4.0                      py_0  
attrs                     21.4.0             pyhd3eb1b0_0  
automat                   20.2.0                     py_0  
autopep8                  1.6.0              pyhd3eb1b0_0  
babel                     2.9.1              pyhd3eb1b0_0  
backcall                  0.2.0              pyhd3eb1b0_0  
backports                 1.1                pyhd3eb1b0_0  
backports.functools_lru_cache 1.6.4              pyhd3eb1b0_0  
backports.tempfile        1.0                pyhd3eb1b0_1  
backports.weakref         1.0.post1                  py_1  
bcrypt                    3.2.0            py38h7b6447c_0  
beautifulsoup4            4.11.1           py38h06a4308_0  
binaryornot               0.4.4              pyhd3eb1b0_1  
bitarray                  2.4.1            py38h7f8727e_0  
bkcharts                  0.2                      py38_0  
black                     19.10b0                    py_0  
blas                      1.0                         mkl  
bleach                    4.1.0              pyhd3eb1b0_0  
blosc                     1.21.0               h8c45485_0  
bokeh                     2.4.2            py38h06a4308_0  
boto3                     1.21.32            pyhd3eb1b0_0  
botocore                  1.24.32            pyhd3eb1b0_0  
bottleneck                1.3.4            py38hce1f21e_0  
brotli                    1.0.9                he6710b0_2  
brotlipy                  0.7.0           py38h27cfd23_1003  
brunsli                   0.1                  h2531618_0  
bzip2                     1.0.8                h7b6447c_0  
c-ares                    1.18.1               h7f8727e_0  
ca-certificates           2022.3.29            h06a4308_1  
cachetools                4.2.2              pyhd3eb1b0_0  
certifi                   2021.10.8        py38h06a4308_2  
cffi                      1.15.0           py38hd667e15_1  
cfitsio                   3.470                hf0d0db6_6  
chardet                   4.0.0           py38h06a4308_1003  
charls                    2.2.0                h2531618_0  
charset-normalizer        2.0.4              pyhd3eb1b0_0  
click                     8.0.4            py38h06a4308_0  
cloudpickle               2.0.0              pyhd3eb1b0_0  
clyent                    1.2.2                    py38_1  
colorama                  0.4.4              pyhd3eb1b0_0  
colorcet                  2.0.6              pyhd3eb1b0_0  
conda                     4.13.0           py38h06a4308_0  
conda-build               3.21.9           py38h06a4308_0  
conda-content-trust       0.1.1              pyhd3eb1b0_0  
conda-env                 2.6.0                         1  
conda-pack                0.6.0              pyhd3eb1b0_0  
conda-package-handling    1.8.1            py38h7f8727e_0  
conda-repo-cli            1.0.4              pyhd3eb1b0_0  
conda-token               0.3.0              pyhd3eb1b0_0  
conda-verify              3.4.2                      py_1  
constantly                15.1.0             pyh2b92418_0  
cookiecutter              1.7.3              pyhd3eb1b0_0  
cryptography              3.4.8            py38hd23ed53_0  
cssselect                 1.1.0              pyhd3eb1b0_0  
curl                      7.82.0               h7f8727e_0  
cycler                    0.11.0             pyhd3eb1b0_0  
cython                    0.29.28          py38h295c915_0  
cytoolz                   0.11.0           py38h7b6447c_0  
daal4py                   2021.5.0         py38h78b71dc_0  
dal                       2021.5.1           h06a4308_803  
dask                      2022.2.1           pyhd3eb1b0_0  
dask-core                 2022.2.1           pyhd3eb1b0_0  
dataclasses               0.8                pyh6d0b6a4_7  
datashader                0.13.0             pyhd3eb1b0_1  
datashape                 0.5.4            py38h06a4308_1  
dbus                      1.13.18              hb2f20db_0  
debugpy                   1.5.1            py38h295c915_0  
decorator                 5.1.1              pyhd3eb1b0_0  
defusedxml                0.7.1              pyhd3eb1b0_0  
diff-match-patch          20200713           pyhd3eb1b0_0  
distributed               2022.2.1           pyhd3eb1b0_0  
docutils                  0.17.1           py38h06a4308_1  
entrypoints               0.4              py38h06a4308_0  
et_xmlfile                1.1.0            py38h06a4308_0  
executing                 0.8.3              pyhd3eb1b0_0  
expat                     2.4.4                h295c915_0  
filelock                  3.6.0              pyhd3eb1b0_0  
flake8                    3.9.2              pyhd3eb1b0_0  
flask                     1.1.2              pyhd3eb1b0_0  
fontconfig                2.13.1               h6c09931_0  
fonttools                 4.25.0             pyhd3eb1b0_0  
freetype                  2.11.0               h70c0345_0  
frozenlist                1.2.0            py38h7f8727e_0  
fsspec                    2022.2.0           pyhd3eb1b0_0  
future                    0.18.2                   py38_1  
gensim                    4.1.2            py38h295c915_0  
giflib                    5.2.1                h7b6447c_0  
glib                      2.69.1               h4ff587b_1  
glob2                     0.7                pyhd3eb1b0_0  
gmp                       6.2.1                h2531618_2  
gmpy2                     2.1.2            py38heeb90bb_0  
google-api-core           1.25.1             pyhd3eb1b0_0  
google-auth               1.33.0             pyhd3eb1b0_0  
google-cloud-core         1.7.1              pyhd3eb1b0_0  
google-cloud-storage      1.41.0             pyhd3eb1b0_0  
google-crc32c             1.1.2            py38h27cfd23_0  
google-resumable-media    1.3.1              pyhd3eb1b0_1  
googleapis-common-protos  1.53.0           py38h06a4308_0  
greenlet                  1.1.1            py38h295c915_0  
grpcio                    1.42.0           py38hce63b2e_0  
gst-plugins-base          1.14.0               h8213a91_2  
gstreamer                 1.14.0               h28cd5cc_2  
h5py                      2.10.0           py38h7918eee_0  
hdf5                      1.10.4               hb1b8bf9_0  
heapdict                  1.0.1              pyhd3eb1b0_0  
holoviews                 1.14.8             pyhd3eb1b0_0  
hvplot                    0.7.3              pyhd3eb1b0_1  
hyperlink                 21.0.0             pyhd3eb1b0_0  
icu                       58.2                 he6710b0_3  
idna                      3.3                pyhd3eb1b0_0  
imagecodecs               2021.8.26        py38h4cda21f_0  
imageio                   2.9.0              pyhd3eb1b0_0  
imagesize                 1.3.0              pyhd3eb1b0_0  
importlib-metadata        4.11.3           py38h06a4308_0  
importlib_metadata        4.11.3               hd3eb1b0_0  
importlib_resources       5.2.0              pyhd3eb1b0_1  
incremental               21.3.0             pyhd3eb1b0_0  
inflection                0.5.1            py38h06a4308_0  
iniconfig                 1.1.1              pyhd3eb1b0_0  
intake                    0.6.5              pyhd3eb1b0_0  
intel-openmp              2021.4.0          h06a4308_3561  
intervaltree              3.1.0              pyhd3eb1b0_0  
ipykernel                 6.9.1            py38h06a4308_0  
ipython                   8.2.0            py38h06a4308_0  
ipython_genutils          0.2.0              pyhd3eb1b0_1  
ipywidgets                7.6.5              pyhd3eb1b0_1  
isort                     5.9.3              pyhd3eb1b0_0  
itemadapter               0.3.0              pyhd3eb1b0_0  
itemloaders               1.0.4              pyhd3eb1b0_1  
itsdangerous              2.0.1              pyhd3eb1b0_0  
jdcal                     1.4.1              pyhd3eb1b0_0  
jedi                      0.18.1           py38h06a4308_1  
jeepney                   0.7.1              pyhd3eb1b0_0  
jinja2                    2.11.3             pyhd3eb1b0_0  
jinja2-time               0.2.0              pyhd3eb1b0_3  
jmespath                  0.10.0             pyhd3eb1b0_0  
joblib                    1.1.0              pyhd3eb1b0_0  
jpeg                      9e                   h7f8727e_0  
jq                        1.6               h27cfd23_1000  
json5                     0.9.6              pyhd3eb1b0_0  
jsonschema                4.4.0            py38h06a4308_0  
jupyter                   1.0.0                    py38_7  
jupyter_client            6.1.12             pyhd3eb1b0_0  
jupyter_console           6.4.0              pyhd3eb1b0_0  
jupyter_core              4.9.2            py38h06a4308_0  
jupyter_server            1.13.5             pyhd3eb1b0_0  
jupyterlab                3.3.2              pyhd3eb1b0_0  
jupyterlab_pygments       0.1.2                      py_0  
jupyterlab_server         2.10.3             pyhd3eb1b0_1  
jupyterlab_widgets        1.0.0              pyhd3eb1b0_1  
jxrlib                    1.1                  h7b6447c_2  
keyring                   23.4.0           py38h06a4308_0  
kiwisolver                1.3.2            py38h295c915_0  
krb5                      1.19.2               hac12032_0  
lazy-object-proxy         1.6.0            py38h27cfd23_0  
lcms2                     2.12                 h3be6417_0  
ld_impl_linux-64          2.35.1               h7274673_9  
lerc                      3.0                  h295c915_0  
libaec                    1.0.4                he6710b0_1  
libarchive                3.4.2                h62408e4_0  
libcrc32c                 1.1.1                he6710b0_2  
libcurl                   7.82.0               h0b77cf5_0  
libdeflate                1.8                  h7f8727e_5  
libedit                   3.1.20210910         h7f8727e_0  
libev                     4.33                 h7f8727e_1  
libffi                    3.3                  he6710b0_2  
libgcc-ng                 9.3.0               h5101ec6_17  
libgfortran-ng            7.5.0               ha8ba4b0_17  
libgfortran4              7.5.0               ha8ba4b0_17  
libgomp                   9.3.0               h5101ec6_17  
libidn2                   2.3.2                h7f8727e_0  
liblief                   0.11.5               h295c915_1  
libllvm11                 11.1.0               h3826bc1_1  
libnghttp2                1.46.0               hce63b2e_0  
libpng                    1.6.37               hbc83047_0  
libprotobuf               3.19.1               h4ff587b_0  
libsodium                 1.0.18               h7b6447c_0  
libspatialindex           1.9.3                h2531618_0  
libssh2                   1.10.0               h8f2d780_0  
libstdcxx-ng              9.3.0               hd4cf53a_17  
libtiff                   4.2.0                h85742a9_0  
libunistring              0.9.10               h27cfd23_0  
libuuid                   1.0.3                h7f8727e_2  
libwebp                   1.2.2                h55f646e_0  
libwebp-base              1.2.2                h7f8727e_0  
libxcb                    1.14                 h7b6447c_0  
libxml2                   2.9.12               h03d6c58_0  
libxslt                   1.1.34               hc22bd24_0  
libzopfli                 1.0.3                he6710b0_0  
llvmlite                  0.38.0           py38h4ff587b_0  
locket                    0.2.1            py38h06a4308_2  
lxml                      4.8.0            py38h1f438cf_0  
lz4-c                     1.9.3                h295c915_1  
lzo                       2.10                 h7b6447c_2  
markdown                  3.3.4            py38h06a4308_0  
markupsafe                2.0.1            py38h27cfd23_0  
matplotlib                3.5.1            py38h06a4308_1  
matplotlib-base           3.5.1            py38ha18d171_1  
matplotlib-inline         0.1.2              pyhd3eb1b0_2  
mccabe                    0.6.1                    py38_1  
mistune                   0.8.4           py38h7b6447c_1000  
mkl                       2021.4.0           h06a4308_640  
mkl-service               2.4.0            py38h7f8727e_0  
mkl_fft                   1.3.1            py38hd3c417c_0  
mkl_random                1.2.2            py38h51133e4_0  
mock                      4.0.3              pyhd3eb1b0_0  
mpc                       1.1.0                h10f8cd9_1  
mpfr                      4.0.2                hb69a4c5_1  
mpi                       1.0                       mpich  
mpich                     3.3.2                hc856adb_0  
mpmath                    1.2.1            py38h06a4308_0  
msgpack-python            1.0.2            py38hff7bd54_1  
multidict                 5.2.0            py38h7f8727e_2  
multipledispatch          0.6.0                    py38_0  
munkres                   1.1.4                      py_0  
mypy_extensions           0.4.3            py38h06a4308_1  
navigator-updater         0.2.1                    py38_1  
nbclassic                 0.3.5              pyhd3eb1b0_0  
nbclient                  0.5.13           py38h06a4308_0  
nbconvert                 6.4.4            py38h06a4308_0  
nbformat                  5.3.0            py38h06a4308_0  
ncurses                   6.3                  h7f8727e_2  
nest-asyncio              1.5.5            py38h06a4308_0  
networkx                  2.7.1              pyhd3eb1b0_0  
nltk                      3.7                pyhd3eb1b0_0  
nose                      1.3.7           pyhd3eb1b0_1008  
notebook                  6.4.8            py38h06a4308_0  
numba                     0.55.1           py38h51133e4_0  
numexpr                   2.8.1            py38h6abb31d_0  
numpy                     1.21.5           py38he7a7128_1  
numpy-base                1.21.5           py38hf524024_1  
numpydoc                  1.2                pyhd3eb1b0_0  
olefile                   0.46               pyhd3eb1b0_0  
oniguruma                 6.9.7.1              h27cfd23_0  
openjpeg                  2.4.0                h3ad879b_0  
openpyxl                  3.0.9              pyhd3eb1b0_0  
openssl                   1.1.1n               h7f8727e_0  
packaging                 21.3               pyhd3eb1b0_0  
pandas                    1.4.2            py38h295c915_0  
pandocfilters             1.5.0              pyhd3eb1b0_0  
panel                     0.13.0           py38h06a4308_0  
param                     1.12.0             pyhd3eb1b0_0  
parsel                    1.6.0            py38h06a4308_0  
parso                     0.8.3              pyhd3eb1b0_0  
partd                     1.2.0              pyhd3eb1b0_1  
patchelf                  0.13                 h295c915_0  
pathspec                  0.7.0                      py_0  
patsy                     0.5.2            py38h06a4308_1  
pcre                      8.45                 h295c915_0  
pep8                      1.7.1                    py38_0  
pexpect                   4.8.0              pyhd3eb1b0_3  
pickleshare               0.7.5           pyhd3eb1b0_1003  
pillow                    9.0.1            py38h22f2fdc_0  
pip                       21.2.4           py38h06a4308_0  
pkginfo                   1.8.2              pyhd3eb1b0_0  
plotly                    5.6.0              pyhd3eb1b0_0  
pluggy                    1.0.0            py38h06a4308_1  
poyo                      0.5.0              pyhd3eb1b0_0  
prometheus_client         0.13.1             pyhd3eb1b0_0  
prompt-toolkit            3.0.20             pyhd3eb1b0_0  
prompt_toolkit            3.0.20               hd3eb1b0_0  
protego                   0.1.16                     py_0  
protobuf                  3.19.1           py38h295c915_0  
psutil                    5.8.0            py38h27cfd23_1  
ptyprocess                0.7.0              pyhd3eb1b0_2  
pure_eval                 0.2.2              pyhd3eb1b0_0  
py                        1.11.0             pyhd3eb1b0_0  
py-lief                   0.11.5           py38h295c915_1  
pyasn1                    0.4.8              pyhd3eb1b0_0  
pyasn1-modules            0.2.8                      py_0  
pycodestyle               2.7.0              pyhd3eb1b0_0  
pycosat                   0.6.3            py38h7b6447c_1  
pycparser                 2.21               pyhd3eb1b0_0  
pyct                      0.4.8                    py38_0  
pycurl                    7.44.1           py38h8f2d780_1  
pydispatcher              2.0.5            py38h06a4308_2  
pydocstyle                6.1.1              pyhd3eb1b0_0  
pyerfa                    2.0.0            py38h27cfd23_0  
pyflakes                  2.3.1              pyhd3eb1b0_0  
pygments                  2.11.2             pyhd3eb1b0_0  
pyhamcrest                2.0.2              pyhd3eb1b0_2  
pyjwt                     2.1.0            py38h06a4308_0  
pylint                    2.9.6            py38h06a4308_1  
pyls-spyder               0.4.0              pyhd3eb1b0_0  
pyodbc                    4.0.32           py38h295c915_1  
pyopenssl                 21.0.0             pyhd3eb1b0_1  
pyparsing                 3.0.4              pyhd3eb1b0_0  
pyqt                      5.9.2            py38h05f1152_4  
pyrsistent                0.18.0           py38heee7806_0  
pysocks                   1.7.1            py38h06a4308_0  
pytables                  3.6.1            py38h9fd0a39_0  
pytest                    7.1.1            py38h06a4308_0  
python                    3.8.13               h12debd9_0  
python-dateutil           2.8.2              pyhd3eb1b0_0  
python-fastjsonschema     2.15.1             pyhd3eb1b0_0  
python-libarchive-c       2.9                pyhd3eb1b0_1  
python-lsp-black          1.0.0              pyhd3eb1b0_0  
python-lsp-jsonrpc        1.0.0              pyhd3eb1b0_0  
python-lsp-server         1.2.4              pyhd3eb1b0_0  
python-slugify            5.0.2              pyhd3eb1b0_0  
python-snappy             0.6.0            py38h2531618_3  
pytz                      2021.3             pyhd3eb1b0_0  
pyviz_comms               2.0.2              pyhd3eb1b0_0  
pywavelets                1.3.0            py38h7f8727e_0  
pyxdg                     0.27               pyhd3eb1b0_0  
pyyaml                    6.0              py38h7f8727e_1  
pyzmq                     22.3.0           py38h295c915_2  
qdarkstyle                3.0.2              pyhd3eb1b0_0  
qstylizer                 0.1.10             pyhd3eb1b0_0  
qt                        5.9.7                h5867ecd_1  
qtawesome                 1.0.3              pyhd3eb1b0_0  
qtconsole                 5.3.0              pyhd3eb1b0_0  
qtpy                      2.0.1              pyhd3eb1b0_0  
queuelib                  1.5.0            py38h06a4308_0  
readline                  8.1.2                h7f8727e_1  
regex                     2022.3.15        py38h7f8727e_0  
requests                  2.27.1             pyhd3eb1b0_0  
requests-file             1.5.1              pyhd3eb1b0_0  
ripgrep                   12.1.1                        0  
rope                      0.22.0             pyhd3eb1b0_0  
rsa                       4.7.2              pyhd3eb1b0_1  
rtree                     0.9.7            py38h06a4308_1  
ruamel_yaml               0.15.100         py38h27cfd23_0  
s3transfer                0.5.0              pyhd3eb1b0_0  
scikit-image              0.19.2           py38h51133e4_0  
scikit-learn              1.0.2            py38h51133e4_1  
scikit-learn-intelex      2021.5.0         py38h06a4308_0  
scipy                     1.7.3            py38hc147768_0  
scrapy                    2.6.1            py38h06a4308_0  
seaborn                   0.11.2             pyhd3eb1b0_0  
secretstorage             3.3.1            py38h06a4308_0  
send2trash                1.8.0              pyhd3eb1b0_1  
service_identity          18.1.0             pyhd3eb1b0_1  
setuptools                61.2.0           py38h06a4308_0  
sip                       4.19.13          py38h295c915_0  
six                       1.16.0             pyhd3eb1b0_1  
smart_open                5.1.0              pyhd3eb1b0_0  
snappy                    1.1.9                h295c915_0  
sniffio                   1.2.0            py38h06a4308_1  
snowballstemmer           2.2.0              pyhd3eb1b0_0  
sortedcollections         2.1.0              pyhd3eb1b0_0  
sortedcontainers          2.4.0              pyhd3eb1b0_0  
soupsieve                 2.3.1              pyhd3eb1b0_0  
sphinx                    4.4.0              pyhd3eb1b0_0  
sphinxcontrib-applehelp   1.0.2              pyhd3eb1b0_0  
sphinxcontrib-devhelp     1.0.2              pyhd3eb1b0_0  
sphinxcontrib-htmlhelp    2.0.0              pyhd3eb1b0_0  
sphinxcontrib-jsmath      1.0.1              pyhd3eb1b0_0  
sphinxcontrib-qthelp      1.0.3              pyhd3eb1b0_0  
sphinxcontrib-serializinghtml 1.1.5              pyhd3eb1b0_0  
spyder                    5.1.5            py38h06a4308_1  
spyder-kernels            2.1.3            py38h06a4308_0  
sqlalchemy                1.4.32           py38h7f8727e_0  
sqlite                    3.38.2               hc218d9a_0  
stack_data                0.2.0              pyhd3eb1b0_0  
statsmodels               0.13.2           py38h7f8727e_0  
sympy                     1.10.1           py38h06a4308_0  
tabulate                  0.8.9            py38h06a4308_0  
tbb                       2021.5.0             hd09550d_0  
tbb4py                    2021.5.0         py38hd09550d_0  
tblib                     1.7.0              pyhd3eb1b0_0  
tenacity                  8.0.1            py38h06a4308_0  
terminado                 0.13.1           py38h06a4308_0  
testpath                  0.5.0              pyhd3eb1b0_0  
text-unidecode            1.3                pyhd3eb1b0_0  
textdistance              4.2.1              pyhd3eb1b0_0  
threadpoolctl             2.2.0              pyh0d69192_0  
three-merge               0.1.1              pyhd3eb1b0_0  
tifffile                  2021.7.2           pyhd3eb1b0_2  
tinycss                   0.4             pyhd3eb1b0_1002  
tk                        8.6.11               h1ccaba5_0  
tldextract                3.2.0              pyhd3eb1b0_0  
toml                      0.10.2             pyhd3eb1b0_0  
tomli                     1.2.2              pyhd3eb1b0_0  
toolz                     0.11.2             pyhd3eb1b0_0  
tornado                   6.1              py38h27cfd23_0  
tqdm                      4.64.0           py38h06a4308_0  
traitlets                 5.1.1              pyhd3eb1b0_0  
twisted                   22.2.0           py38h7f8727e_0  
typed-ast                 1.4.3            py38h7f8727e_1  
typing-extensions         4.1.1                hd3eb1b0_0  
typing_extensions         4.1.1              pyh06a4308_0  
ujson                     5.1.0            py38h295c915_0  
unidecode                 1.2.0              pyhd3eb1b0_0  
unixodbc                  2.3.9                h7b6447c_0  
urllib3                   1.26.9           py38h06a4308_0  
w3lib                     1.21.0             pyhd3eb1b0_0  
watchdog                  2.1.6            py38h06a4308_0  
wcwidth                   0.2.5              pyhd3eb1b0_0  
webencodings              0.5.1                    py38_1  
websocket-client          0.58.0           py38h06a4308_4  
werkzeug                  2.0.3              pyhd3eb1b0_0  
wget                      1.21.3               h0b77cf5_0  
wheel                     0.37.1             pyhd3eb1b0_0  
widgetsnbextension        3.5.2            py38h06a4308_0  
wrapt                     1.12.1           py38h7b6447c_1  
wurlitzer                 3.0.2            py38h06a4308_0  
xarray                    0.20.1             pyhd3eb1b0_1  
xlrd                      2.0.1              pyhd3eb1b0_0  
xlsxwriter                3.0.3              pyhd3eb1b0_0  
xz                        5.2.5                h7b6447c_0  
yaml                      0.2.5                h7b6447c_0  
yapf                      0.31.0             pyhd3eb1b0_0  
yarl                      1.5.1            py38h7b6447c_0  
zeromq                    4.3.4                h2531618_0  
zfp                       0.5.5                h295c915_6  
zict                      2.0.0              pyhd3eb1b0_0  
zipp                      3.7.0              pyhd3eb1b0_0  
zlib                      1.2.12               h7f8727e_2  
zope                      1.0                      py38_1  
zope.interface            5.4.0            py38h7f8727e_0  
zstd                      1.4.9                haebb681_0  

pip freeze output:
aiohttp @ file:///tmp/build/80754af9/aiohttp_1646806366512/work
aiosignal @ file:///tmp/build/80754af9/aiosignal_1637843061372/work
alabaster @ file:///home/ktietz/src/ci/alabaster_1611921544520/work
anaconda-client @ file:///tmp/build/80754af9/anaconda-client_1635330891925/work
anaconda-navigator==2.2.0
anaconda-project @ file:///tmp/build/80754af9/anaconda-project_1637161053845/work
anyio @ file:///tmp/build/80754af9/anyio_1644481698350/work/dist
appdirs==1.4.4
argon2-cffi @ file:///opt/conda/conda-bld/argon2-cffi_1645000214183/work
argon2-cffi-bindings @ file:///tmp/build/80754af9/argon2-cffi-bindings_1644569684262/work
arrow @ file:///opt/conda/conda-bld/arrow_1649166651673/work
aspire==0.9.0
astroid @ file:///tmp/build/80754af9/astroid_1628063142195/work
astropy @ file:///opt/conda/conda-bld/astropy_1650891077797/work
asttokens @ file:///opt/conda/conda-bld/asttokens_1646925590279/work
async-timeout @ file:///tmp/build/80754af9/async-timeout_1637851218186/work
atomicwrites==1.4.0
attrs @ file:///opt/conda/conda-bld/attrs_1642510447205/work
Automat @ file:///tmp/build/80754af9/automat_1600298431173/work
autopep8==1.5.7
Babel @ file:///tmp/build/80754af9/babel_1620871417480/work
backcall @ file:///home/ktietz/src/ci/backcall_1611930011877/work
backports.functools-lru-cache @ file:///tmp/build/80754af9/backports.functools_lru_cache_1618170165463/work
backports.tempfile @ file:///home/linux1/recipes/ci/backports.tempfile_1610991236607/work
backports.weakref==1.0.post1
bcrypt @ file:///tmp/build/80754af9/bcrypt_1597936221426/work
beautifulsoup4 @ file:///opt/conda/conda-bld/beautifulsoup4_1650462163268/work
binaryornot @ file:///tmp/build/80754af9/binaryornot_1617751525010/work
bitarray @ file:///tmp/build/80754af9/bitarray_1648739494003/work
bkcharts==0.2
black==19.10b0
bleach @ file:///opt/conda/conda-bld/bleach_1641577558959/work
bokeh @ file:///tmp/build/80754af9/bokeh_1638349634419/work
boto3 @ file:///opt/conda/conda-bld/boto3_1649078879353/work
botocore @ file:///opt/conda/conda-bld/botocore_1649076662316/work
Bottleneck @ file:///tmp/build/80754af9/bottleneck_1648028895253/work
brotlipy==0.7.0
cachetools @ file:///tmp/build/80754af9/cachetools_1619597386817/work
certifi==2021.10.8
cffi @ file:///opt/conda/conda-bld/cffi_1642701102775/work
chardet @ file:///tmp/build/80754af9/chardet_1607706746162/work
charset-normalizer @ file:///tmp/build/80754af9/charset-normalizer_1630003229654/work
click @ file:///tmp/build/80754af9/click_1646038465422/work
cloudpickle @ file:///tmp/build/80754af9/cloudpickle_1632508026186/work
clyent==1.2.2
colorama @ file:///tmp/build/80754af9/colorama_1607707115595/work
colorcet @ file:///tmp/build/80754af9/colorcet_1611168489822/work
conda==4.13.0
conda-build==3.21.9
conda-content-trust @ file:///tmp/build/80754af9/conda-content-trust_1617045594566/work
conda-pack @ file:///tmp/build/80754af9/conda-pack_1611163042455/work
conda-package-handling @ file:///tmp/build/80754af9/conda-package-handling_1649087926789/work
conda-repo-cli @ file:///tmp/build/80754af9/conda-repo-cli_1620168426516/work
conda-token @ file:///tmp/build/80754af9/conda-token_1620076980546/work
conda-verify==3.4.2
constantly==15.1.0
cookiecutter @ file:///opt/conda/conda-bld/cookiecutter_1649151442564/work
cryo-class-average @ file:///scratch/guysharon/Work/Python/cryo_class_average/dist/cryo_class_average-1.0.tar.gz
cryptography @ file:///tmp/build/80754af9/cryptography_1633520369403/work
cssselect==1.1.0
cupy==11.1.0
cycler @ file:///tmp/build/80754af9/cycler_1637851556182/work
Cython @ file:///tmp/build/80754af9/cython_1647832478439/work
cytoolz==0.11.0
daal4py==2021.5.0
dask @ file:///opt/conda/conda-bld/dask-core_1647268715755/work
datashader @ file:///tmp/build/80754af9/datashader_1623782308369/work
datashape==0.5.4
debugpy @ file:///tmp/build/80754af9/debugpy_1637091796427/work
decorator @ file:///opt/conda/conda-bld/decorator_1643638310831/work
defusedxml @ file:///tmp/build/80754af9/defusedxml_1615228127516/work
diff-match-patch @ file:///Users/ktietz/demo/mc3/conda-bld/diff-match-patch_1630511840874/work
distributed @ file:///opt/conda/conda-bld/distributed_1647271944416/work
docopt==0.6.2
docutils @ file:///tmp/build/80754af9/docutils_1620827984873/work
entrypoints @ file:///tmp/build/80754af9/entrypoints_1649926445639/work
et-xmlfile==1.1.0
executing @ file:///opt/conda/conda-bld/executing_1646925071911/work
fastjsonschema @ file:///tmp/build/80754af9/python-fastjsonschema_1620414857593/work/dist
fastrlock==0.8
filelock @ file:///opt/conda/conda-bld/filelock_1647002191454/work
finufft==2.0.4.post1
flake8 @ file:///tmp/build/80754af9/flake8_1620776156532/work
Flask @ file:///home/ktietz/src/ci/flask_1611932660458/work
fonttools==4.25.0
frozenlist @ file:///tmp/build/80754af9/frozenlist_1637767111923/work
fsspec @ file:///opt/conda/conda-bld/fsspec_1647268051896/work
future==0.18.2
gemmi==0.5.2
gensim @ file:///tmp/build/80754af9/gensim_1646824935317/work
git-lfs==1.6
glob2 @ file:///home/linux1/recipes/ci/glob2_1610991677669/work
gmpy2 @ file:///tmp/build/80754af9/gmpy2_1645455532332/work
google-api-core @ file:///C:/ci/google-api-core-split_1613980333946/work
google-auth @ file:///tmp/build/80754af9/google-auth_1626320605116/work
google-cloud-core @ file:///tmp/build/80754af9/google-cloud-core_1625077425256/work
google-cloud-storage @ file:///tmp/build/80754af9/google-cloud-storage_1626308236607/work
google-crc32c @ file:///tmp/build/80754af9/google-crc32c_1612242931720/work
google-resumable-media @ file:///tmp/build/80754af9/google-resumable-media_1624367812531/work
googleapis-common-protos @ file:///tmp/build/80754af9/googleapis-common-protos-feedstock_1617957649450/work
greenlet @ file:///tmp/build/80754af9/greenlet_1628887725296/work
grpcio @ file:///tmp/build/80754af9/grpcio_1637590823556/work
h5py==2.10.0
HeapDict @ file:///Users/ktietz/demo/mc3/conda-bld/heapdict_1630598515714/work
holoviews @ file:///opt/conda/conda-bld/holoviews_1645454331194/work
hvplot @ file:///tmp/build/80754af9/hvplot_1627305124151/work
hyperlink @ file:///tmp/build/80754af9/hyperlink_1610130746837/work
idna @ file:///tmp/build/80754af9/idna_1637925883363/work
imagecodecs @ file:///tmp/build/80754af9/imagecodecs_1635529103369/work
imageio @ file:///tmp/build/80754af9/imageio_1617700267927/work
imagesize @ file:///tmp/build/80754af9/imagesize_1637939814114/work
importlib-metadata @ file:///tmp/build/80754af9/importlib-metadata_1648562408398/work
importlib-resources @ file:///tmp/build/80754af9/importlib_resources_1625135880749/work
incremental @ file:///tmp/build/80754af9/incremental_1636629750599/work
inflection==0.5.1
iniconfig @ file:///home/linux1/recipes/ci/iniconfig_1610983019677/work
intake @ file:///opt/conda/conda-bld/intake_1647436631684/work
intervaltree @ file:///Users/ktietz/demo/mc3/conda-bld/intervaltree_1630511889664/work
ipykernel @ file:///tmp/build/80754af9/ipykernel_1646982648551/work/dist/ipykernel-6.9.1-py3-none-any.whl
ipython @ file:///tmp/build/80754af9/ipython_1648799197050/work
ipython-genutils @ file:///tmp/build/80754af9/ipython_genutils_1606773439826/work
ipywidgets @ file:///tmp/build/80754af9/ipywidgets_1634143127070/work
isort @ file:///tmp/build/80754af9/isort_1628603791788/work
itemadapter @ file:///tmp/build/80754af9/itemadapter_1626442940632/work
itemloaders @ file:///opt/conda/conda-bld/itemloaders_1646805235997/work
itsdangerous @ file:///tmp/build/80754af9/itsdangerous_1621432558163/work
jdcal @ file:///Users/ktietz/demo/mc3/conda-bld/jdcal_1630584345063/work
jedi @ file:///tmp/build/80754af9/jedi_1644315233700/work
jeepney @ file:///tmp/build/80754af9/jeepney_1627537048313/work
Jinja2 @ file:///tmp/build/80754af9/jinja2_1612213139570/work
jinja2-time @ file:///opt/conda/conda-bld/jinja2-time_1649251842261/work
jmespath @ file:///Users/ktietz/demo/mc3/conda-bld/jmespath_1630583964805/work
joblib @ file:///tmp/build/80754af9/joblib_1635411271373/work
json5 @ file:///tmp/build/80754af9/json5_1624432770122/work
jsonschema @ file:///tmp/build/80754af9/jsonschema_1650025949224/work
jupyter==1.0.0
jupyter-client @ file:///tmp/build/80754af9/jupyter_client_1616770841739/work
jupyter-console @ file:///tmp/build/80754af9/jupyter_console_1616615302928/work
jupyter-core @ file:///tmp/build/80754af9/jupyter_core_1646994441805/work
jupyter-server @ file:///opt/conda/conda-bld/jupyter_server_1644494914632/work
jupyterlab @ file:///opt/conda/conda-bld/jupyterlab_1647445413472/work
jupyterlab-pygments @ file:///tmp/build/80754af9/jupyterlab_pygments_1601490720602/work
jupyterlab-server @ file:///opt/conda/conda-bld/jupyterlab_server_1644500396812/work
jupyterlab-widgets @ file:///tmp/build/80754af9/jupyterlab_widgets_1609884341231/work
keyring @ file:///tmp/build/80754af9/keyring_1638531356231/work
kiwisolver @ file:///opt/conda/conda-bld/kiwisolver_1638569886207/work
lazy-object-proxy @ file:///tmp/build/80754af9/lazy-object-proxy_1616526917483/work
libarchive-c @ file:///tmp/build/80754af9/python-libarchive-c_1617780486945/work
llvmlite==0.38.0
locket @ file:///tmp/build/80754af9/locket_1647006009804/work
lxml @ file:///tmp/build/80754af9/lxml_1646625266987/work
Markdown @ file:///tmp/build/80754af9/markdown_1614363528767/work
MarkupSafe @ file:///tmp/build/80754af9/markupsafe_1621528148836/work
matplotlib @ file:///tmp/build/80754af9/matplotlib-suite_1647441664166/work
matplotlib-inline @ file:///tmp/build/80754af9/matplotlib-inline_1628242447089/work
mccabe==0.6.1
mistune==0.8.4
mkl-fft==1.3.1
mkl-random @ file:///tmp/build/80754af9/mkl_random_1626186064646/work
mkl-service==2.4.0
mock @ file:///tmp/build/80754af9/mock_1607622725907/work
mpmath==1.2.1
mrcfile==1.3.0
msgpack @ file:///tmp/build/80754af9/msgpack-python_1612287151062/work
multidict @ file:///opt/conda/conda-bld/multidict_1640703752579/work
multipledispatch==0.6.0
munkres==1.1.4
mypy-extensions==0.4.3
navigator-updater==0.2.1
nbclassic @ file:///opt/conda/conda-bld/nbclassic_1644943264176/work
nbclient @ file:///tmp/build/80754af9/nbclient_1650308366712/work
nbconvert @ file:///opt/conda/conda-bld/nbconvert_1649751911790/work
nbformat @ file:///tmp/build/80754af9/nbformat_1649827057626/work
nest-asyncio @ file:///tmp/build/80754af9/nest-asyncio_1649847908682/work
networkx @ file:///opt/conda/conda-bld/networkx_1647437648384/work
nltk @ file:///opt/conda/conda-bld/nltk_1645628263994/work
nose @ file:///opt/conda/conda-bld/nose_1642704612149/work
notebook @ file:///tmp/build/80754af9/notebook_1645002536250/work
numba @ file:///opt/conda/conda-bld/numba_1648040517072/work
numexpr @ file:///tmp/build/80754af9/numexpr_1640704208950/work
numpy==1.21.5
numpydoc @ file:///opt/conda/conda-bld/numpydoc_1643788541039/work
olefile @ file:///Users/ktietz/demo/mc3/conda-bld/olefile_1629805411829/work
openpyxl @ file:///tmp/build/80754af9/openpyxl_1632777717936/work
packaging @ file:///tmp/build/80754af9/packaging_1637314298585/work
pandas==1.3.5
pandocfilters @ file:///opt/conda/conda-bld/pandocfilters_1643405455980/work
panel @ file:///opt/conda/conda-bld/panel_1650637168846/work
param @ file:///tmp/build/80754af9/param_1636647414893/work
parsel @ file:///tmp/build/80754af9/parsel_1646739961665/work
parso @ file:///opt/conda/conda-bld/parso_1641458642106/work
partd @ file:///opt/conda/conda-bld/partd_1647245470509/work
pathspec==0.7.0
patsy==0.5.2
pep8==1.7.1
pexpect @ file:///tmp/build/80754af9/pexpect_1605563209008/work
pickle5==0.0.11
pickleshare @ file:///tmp/build/80754af9/pickleshare_1606932040724/work
Pillow==9.0.1
pkginfo @ file:///tmp/build/80754af9/pkginfo_1643162084911/work
plotly @ file:///opt/conda/conda-bld/plotly_1646671701182/work
pluggy @ file:///tmp/build/80754af9/pluggy_1648042571233/work
poyo @ file:///tmp/build/80754af9/poyo_1617751526755/work
progress==1.6
prometheus-client @ file:///opt/conda/conda-bld/prometheus_client_1643788673601/work
prompt-toolkit @ file:///tmp/build/80754af9/prompt-toolkit_1633440160888/work
Protego @ file:///tmp/build/80754af9/protego_1598657180827/work
protobuf==3.19.1
psutil @ file:///tmp/build/80754af9/psutil_1612298023621/work
ptyprocess @ file:///tmp/build/80754af9/ptyprocess_1609355006118/work/dist/ptyprocess-0.7.0-py2.py3-none-any.whl
pure-eval @ file:///opt/conda/conda-bld/pure_eval_1646925070566/work
py @ file:///opt/conda/conda-bld/py_1644396412707/work
pyasn1 @ file:///Users/ktietz/demo/mc3/conda-bld/pyasn1_1629708007385/work
pyasn1-modules==0.2.8
pycodestyle @ file:///tmp/build/80754af9/pycodestyle_1615748559966/work
pycosat==0.6.3
pycparser @ file:///tmp/build/80754af9/pycparser_1636541352034/work
pyct @ file:///tmp/build/80754af9/pyct_1600458283921/work
pycurl==7.44.1
PyDispatcher==2.0.5
pydocstyle @ file:///tmp/build/80754af9/pydocstyle_1621600989141/work
pyerfa @ file:///tmp/build/80754af9/pyerfa_1621560806183/work
pyFFTW==0.13.0
pyflakes @ file:///tmp/build/80754af9/pyflakes_1617200973297/work
Pygments @ file:///opt/conda/conda-bld/pygments_1644249106324/work
PyHamcrest @ file:///tmp/build/80754af9/pyhamcrest_1615748656804/work
PyJWT @ file:///tmp/build/80754af9/pyjwt_1619651636675/work
pylint @ file:///tmp/build/80754af9/pylint_1627536788098/work
pyls-spyder==0.4.0
pyodbc @ file:///tmp/build/80754af9/pyodbc_1647408110185/work
pyOpenSSL @ file:///tmp/build/80754af9/pyopenssl_1635333100036/work
pyparsing @ file:///tmp/build/80754af9/pyparsing_1635766073266/work
PyQt5==5.12.3
PyQt5-sip==12.10.1
PyQtWebEngine==5.12.1
pyrsistent @ file:///tmp/build/80754af9/pyrsistent_1636110947380/work
PySocks @ file:///tmp/build/80754af9/pysocks_1605305779399/work
pytest==7.1.1
python-dateutil @ file:///tmp/build/80754af9/python-dateutil_1626374649649/work
python-lsp-black @ file:///tmp/build/80754af9/python-lsp-black_1634232156041/work
python-lsp-jsonrpc==1.0.0
python-lsp-server==1.2.4
python-slugify @ file:///tmp/build/80754af9/python-slugify_1620405669636/work
python-snappy @ file:///tmp/build/80754af9/python-snappy_1610133321441/work
pytz==2021.3
pyviz-comms @ file:///tmp/build/80754af9/pyviz_comms_1623747165329/work
PyWavelets @ file:///tmp/build/80754af9/pywavelets_1648710120733/work
pyxdg @ file:///tmp/build/80754af9/pyxdg_1603822279816/work
PyYAML==6.0
pyzmq @ file:///tmp/build/80754af9/pyzmq_1638436375034/work
QDarkStyle @ file:///tmp/build/80754af9/qdarkstyle_1617386714626/work
qstylizer @ file:///tmp/build/80754af9/qstylizer_1617713584600/work/dist/qstylizer-0.1.10-py2.py3-none-any.whl
QtAwesome @ file:///tmp/build/80754af9/qtawesome_1637160816833/work
qtconsole @ file:///opt/conda/conda-bld/qtconsole_1649078897110/work
QtPy @ file:///opt/conda/conda-bld/qtpy_1649073884068/work
queuelib==1.5.0
regex @ file:///tmp/build/80754af9/regex_1648447708112/work
requests @ file:///opt/conda/conda-bld/requests_1641824580448/work
requests-file @ file:///Users/ktietz/demo/mc3/conda-bld/requests-file_1629455781986/work
rope @ file:///opt/conda/conda-bld/rope_1643788605236/work
rsa @ file:///tmp/build/80754af9/rsa_1614366226499/work
Rtree @ file:///tmp/build/80754af9/rtree_1618420845272/work
ruamel-yaml-conda @ file:///tmp/build/80754af9/ruamel_yaml_1616016699510/work
s3transfer @ file:///tmp/build/80754af9/s3transfer_1626435152308/work
scikit-image @ file:///tmp/build/80754af9/scikit-image_1648196304918/work
scikit-learn @ file:///tmp/build/80754af9/scikit-learn_1642617107864/work
scikit-learn-intelex==2021.20220215.212714
scipy @ file:///tmp/build/80754af9/scipy_1641555001653/work
Scrapy @ file:///tmp/build/80754af9/scrapy_1646820292798/work
seaborn @ file:///tmp/build/80754af9/seaborn_1629307859561/work
SecretStorage @ file:///tmp/build/80754af9/secretstorage_1614022784285/work
Send2Trash @ file:///tmp/build/80754af9/send2trash_1632406701022/work
service-identity @ file:///Users/ktietz/demo/mc3/conda-bld/service_identity_1629460757137/work
sip==4.19.13
six @ file:///tmp/build/80754af9/six_1644875935023/work
sklearn==0.0
smart-open @ file:///tmp/build/80754af9/smart_open_1623928409369/work
sniffio @ file:///tmp/build/80754af9/sniffio_1614030475067/work
snowballstemmer @ file:///tmp/build/80754af9/snowballstemmer_1637937080595/work
sortedcollections @ file:///tmp/build/80754af9/sortedcollections_1611172717284/work
sortedcontainers @ file:///tmp/build/80754af9/sortedcontainers_1623949099177/work
soupsieve @ file:///tmp/build/80754af9/soupsieve_1636706018808/work
Sphinx @ file:///opt/conda/conda-bld/sphinx_1643644169832/work
sphinxcontrib-applehelp @ file:///home/ktietz/src/ci/sphinxcontrib-applehelp_1611920841464/work
sphinxcontrib-devhelp @ file:///home/ktietz/src/ci/sphinxcontrib-devhelp_1611920923094/work
sphinxcontrib-htmlhelp @ file:///tmp/build/80754af9/sphinxcontrib-htmlhelp_1623945626792/work
sphinxcontrib-jsmath @ file:///home/ktietz/src/ci/sphinxcontrib-jsmath_1611920942228/work
sphinxcontrib-qthelp @ file:///home/ktietz/src/ci/sphinxcontrib-qthelp_1611921055322/work
sphinxcontrib-serializinghtml @ file:///tmp/build/80754af9/sphinxcontrib-serializinghtml_1624451540180/work
spyder @ file:///tmp/build/80754af9/spyder_1636480225430/work
spyder-kernels==2.1.3
SQLAlchemy @ file:///tmp/build/80754af9/sqlalchemy_1647599805051/work
stack-data @ file:///opt/conda/conda-bld/stack_data_1646927590127/work
starparser==1.38
statsmodels @ file:///tmp/build/80754af9/statsmodels_1648033297787/work
sympy @ file:///tmp/build/80754af9/sympy_1647853655943/work
tables==3.6.1
tabulate==0.8.9
TBB==0.2
tblib @ file:///Users/ktietz/demo/mc3/conda-bld/tblib_1629402031467/work
tenacity @ file:///tmp/build/80754af9/tenacity_1632756856731/work
terminado @ file:///tmp/build/80754af9/terminado_1644322581811/work
test @ file:///scratch/guysharon/Work/Python/cryo_class_average/dist/test-1.0.tar.gz
testpath @ file:///tmp/build/80754af9/testpath_1624638946665/work
text-unidecode @ file:///Users/ktietz/demo/mc3/conda-bld/text-unidecode_1629401354553/work
textdistance @ file:///tmp/build/80754af9/textdistance_1612461398012/work
threadpoolctl @ file:///Users/ktietz/demo/mc3/conda-bld/threadpoolctl_1629802263681/work
three-merge @ file:///tmp/build/80754af9/three-merge_1607553261110/work
tifffile @ file:///tmp/build/80754af9/tifffile_1627275862826/work
tinycss @ file:///tmp/build/80754af9/tinycss_1617713798712/work
tldextract @ file:///opt/conda/conda-bld/tldextract_1646638314385/work
toml @ file:///tmp/build/80754af9/toml_1616166611790/work
tomli @ file:///tmp/build/80754af9/tomli_1637314251069/work
toolz @ file:///tmp/build/80754af9/toolz_1636545406491/work
tornado @ file:///tmp/build/80754af9/tornado_1606942300299/work
tqdm @ file:///opt/conda/conda-bld/tqdm_1650891076910/work
traitlets @ file:///tmp/build/80754af9/traitlets_1636710298902/work
Twisted @ file:///tmp/build/80754af9/twisted_1646835199000/work
typed-ast @ file:///tmp/build/80754af9/typed-ast_1624953673417/work
typing_extensions @ file:///opt/conda/conda-bld/typing_extensions_1647553014482/work
ujson @ file:///tmp/build/80754af9/ujson_1648025916864/work
Unidecode @ file:///tmp/build/80754af9/unidecode_1614712377438/work
urllib3 @ file:///opt/conda/conda-bld/urllib3_1650639997961/work
w3lib @ file:///Users/ktietz/demo/mc3/conda-bld/w3lib_1629359764703/work
watchdog @ file:///tmp/build/80754af9/watchdog_1638366565112/work
wcwidth @ file:///Users/ktietz/demo/mc3/conda-bld/wcwidth_1629357192024/work
webencodings==0.5.1
websocket-client @ file:///tmp/build/80754af9/websocket-client_1614804261064/work
Werkzeug @ file:///opt/conda/conda-bld/werkzeug_1645628268370/work
widgetsnbextension @ file:///tmp/build/80754af9/widgetsnbextension_1645009353553/work
wrapt==1.12.1
wurlitzer @ file:///tmp/build/80754af9/wurlitzer_1638354972036/work
xarray @ file:///opt/conda/conda-bld/xarray_1639166117697/work
xlrd @ file:///tmp/build/80754af9/xlrd_1608072521494/work
XlsxWriter @ file:///opt/conda/conda-bld/xlsxwriter_1649073856329/work
yapf @ file:///tmp/build/80754af9/yapf_1615749224965/work
yarl @ file:///tmp/build/80754af9/yarl_1598045023180/work
zict==2.0.0
zipp @ file:///opt/conda/conda-bld/zipp_1641824620731/work
zope.interface @ file:///tmp/build/80754af9/zope.interface_1625035545636/work

Exception Details (most recent call last)
  File "/home/guysharon/.local/bin/cryo_class_average", line 8, in <module>
    sys.exit(main())
    __annotations__ = {}
    __builtins__ = <module 'builtins' (built-in)>
    __cached__ = None
    __doc__ = None
    __file__ = '/home/guysharon/.local/bin/cryo_class_average'
    __loader__ = <_frozen_importlib_external.SourceFileLoader object at 0x7f47983fc4c0>
    __name__ = '__main__'
    __package__ = None
    __spec__ = None
    main = <function main at 0x7f47971175e0>
    re = <module 're' from '/opt/anaconda3/lib/python3.8/re.py'>
    sys = <module 'sys' (built-in)>

  File "/home/guysharon/.local/lib/python3.8/site-packages/src/__main__.py", line 169, in main
    ca_stack, metadata, basis = class_average( starfile_fullpath , opts )
    _type = <class 'int'>
    args = ['--N', '500', '--num_classes', '5', '--num_class_avg', '2', '--starfile', '/scratch/guysharon/Work/starfiles/dataset_10028', '--output', '/scratch/guysharon/Work/Python/saved_test_data/tmp', '--basis_file_in', '/scratch/guysharon/Work/Python/saved_test_data/basis_10028.pkl']
    basis_dict = {'coeffs': array([[ 2.8145177 +8.35840255e-02j, -0.24160746+0.00000000e+00j,
         0.39847365+2.47358346e+00j, ...,  0.34319797+4.92576659e-02j,
         0.30693454+1.24317753e+00j,  0.20996776-6.76016331e-01j],
       [ 2.207893  -6.20091915e-01j,  0.24328855+0.00000000e+00j,
        -0.17281204+2.14059472e+00j, ..., -0.1605727 +4.06675905e-01j,
         0.82760864-2.31407955e-01j, -0.42454013+6.35739625e-01j],
       [ 1.1232213 +5.69367707e-01j,  4.664092  +0.00000000e+00j,
         0.40543652+5.65173447e-01j, ...,  0.1049841 +1.55064976e+00j,
        -0.32451767-5.98585665e-01j,  0.8300716 -1.32806957e-01j],
       ...,
       [-1.5217637 -1.06209314e+00j,  2.047053  +0.00000000e+00j,
         0.07884417+9.34899867e-01j, ...,  0.38498935-1.28658311e-02j,
        -0.77491117+6.27386123e-02j,  0.10749842-5.56401849e-01j],
       [ 1.6341883 -8.79792392e-01j,  0.53467774+0.00000000e+00j,
        -0.24573806+5.09200811e-01j, ...,  0.5868963 +1.18649945e-01j,
        -0.04059822-1.91637035e-02j, -0.65049493+1.08849129e-03j],
       [ 0.9266856 -1.22731221e+00j, -1.4280632 +0.00000000e+00j,
         0.88015646-3.65578383e-01j, ...,  0.10818909-9.46065009e-01j,
         0.05196647-3.57151367e-02j, -0.5954986 -3.76632541e-01j]],
      dtype=complex64), 'freqs': array([ 1,  0,  2,  3,  1,  3,  2,  1,  4,  5,  6,  7, 15, 10,  8,  0,  9,
        2,  8,  4, 13, 10,  9,  3,  4,  1,  6, 16, 14,  8,  0,  2,  5,  3,
       12,  7, 12, 10,  2,  5,  6, 11, 17,  7, 13,  1,  8,  0,  6,  3, 14,
        4, 11,  9,  2,  7, 18, 12, 15, 11, 10,  0,  5, 13, 11,  4, 19,  6,
        1, 14,  8,  3, 18,  0, 16,  2, 12,  8,  9,  7,  4,  1,  5,  5, 20,
       17,  6,  3, 11,  7, 15,  0,  9,  0, 21,  1, 22,  4, 13,  5, 16, 10,
        7, 19, 17,  2, 12, 14,  9,  1,  4, 20, 15,  5,  0, 23,  2, 13, 10,
        3, 18,  8,  6,  2,  9, 21, 11, 22,  3, 19, 24, 10,  0, 16,  4, 14,
        1,  2, 15,  6, 12, 17, 25, 20, 23,  8,  7, 18,  0, 13, 11,  5, 21,
       26, 16,  9,  3,  4,  7, 10,  0, 24,  6,  1, 14, 19,  3, 15, 13,  6,
       17,  8,  2,  9, 27,  5, 11, 22, 12, 25,  1, 14, 12,  1, 16, 23, 18,
        0, 20, 10, 15, 19, 17,  3, 21, 23, 20,  4,  7,  6, 24, 12, 22,  4,
        2, 18,  8,  0, 10,  5,  2,  3, 25,  7,  1, 11, 13,  4, 16, 13, 28,
        9,  5, 15, 26, 14, 27, 26, 21,  3,  1, 28, 16,  8, 11, 17, 22,  5,
        9, 19, 18, 24, 10, 11, 12, 29,  2,  6,  7, 19, 13,  8,  0, 30, 15,
       23, 12, 14, 20, 33, 19,  9,  6, 17, 22, 28, 24, 31, 16, 14, 25, 21,
       20, 18,  2, 26,  0,  4, 27,  3, 21,  6, 29, 27,  1,  4, 12, 32, 13,
       17, 23, 10,  5,  0,  8, 25, 24, 11, 20, 29, 15, 34,  7, 30,  7, 31,
       16,  1, 18, 14, 10, 25,  9,  8, 26,  3, 19, 23,  7, 22, 17, 35, 15,
        9, 30, 11, 28,  1,  0, 36,  4, 32,  3,  5,  6, 20,  2, 17, 13, 27,
       10, 31, 35, 23, 15, 22, 27, 14, 24, 26, 21, 33, 12,  5, 37, 28, 25,
       20,  3, 18,  0,  8, 30, 13, 26, 18, 29, 16, 31,  2,  9,  1, 21, 22,
        6, 34, 38, 23,  8, 32, 19,  9, 39, 14,  2, 24, 16,  5, 17,  7, 10,
       19, 12,  4, 26, 22, 28, 29, 11, 37, 36, 34,  1, 21, 24, 27,  3, 33,
       18,  6, 29, 16, 12, 32, 39, 14, 19, 11, 13,  3, 25, 28, 20,  4,  7,
       15,  8, 27, 31, 40, 10, 17, 38, 29, 35, 15, 33, 13, 30, 37, 23, 13,
       20,  6,  1, 16,  2, 30, 42, 30, 25,  4,  5, 14, 24, 32, 35, 41, 12,
       18, 21, 11, 22, 36, 10, 23,  4,  0, 39, 44, 25, 40, 41,  1, 34, 15,
       17,  7, 31,  0, 33,  6, 26, 43, 36, 18,  9, 32, 19, 42, 28, 38, 27,
        3, 10,  8, 45,  2, 16, 11]), 'n': 50000, 'L': 89}
    basis_file_in = '/scratch/guysharon/Work/Python/saved_test_data/basis_10028.pkl'
    basis_file_out = ''
    dummy = <class 'src.__main__.main.<locals>.dummy'>
    external_basis = <src.__main__.main.<locals>.dummy object at 0x7f4797183130>
    help_str = '\n====== General options ====== \n                            --starfile           ("")    : Input images (.star)\n                            --output             ("")    : Ouput images (.mrcs)\n                            --basis_file_out     ("")    : Optional output file for saving sPCA basis, allowing to skip preprocessing next time (.pkl)\n                            --basis_file_in      ("")    : Optional input file for sPCA basis. When given, skips preprocessing (.pkl)\n                            --N                  (inf)   : Number of images to take from starfile\n                            --verbose            (True)  : Print progress to screen\n====== Preprocessing ======\n                            --downsample         (89)    : Preprocessed image size\n                            --batch_size         (8192)  : Batch size for PSD noise estimation\n====== 2-D Classification ======\n                            --class_theta_step   (5)     : Sampling rate for the in-plane angle\n                            --num_classes        (1500)  : Number of classes to find (<= N)\n                            --class_size         (300)   : Number of images in each class (<= N)\n                            --class_gpu          (1)     : Use available gpu for matrix calculations (recommended)\n====== Expectation Maximization ======\n                            --ctf                (True)  : Perform CTF correction\n                            --iter               (7)     : Maximum number of iterations to perform\n                            --norm               (True)  : Perform normalisation-error correction\n                            --em_num_inputs      (150)   : Number of images to use for EM (taken from best of each class) (<= class_size)\n                            --take_last_iter     (True)  : Take the last iteration of EM as output, otherwise - performs logic to determind the best iteration (NOT IMPLEMENTED)\n                            --em_par             (1)     : Perform EM parallelly (recommended)\n                            --em_gpu             (0)     : Use available gpu for EM (NOT IMPLEMENTED)\n                            --num_class_avg      (1500)  : Number of class averages to produce (<= num_classes)\n                            \nExample usage:\n    cryo_class_average --starfile dir/some_star.star --output dir/class_averages.mrcs\n    \n    cryo_class_average --starfile dir/some_star.star --output dir/class_averages.mrcs --num_classes 3000 --num_class_avg 2000\n    \n    cryo_class_average ... --help\n'
    i = 12
    inp = <_io.BufferedReader name='/scratch/guysharon/Work/Python/saved_test_data/basis_10028.pkl'>
    j = 18
    opts = {'N': 500, 'verbose': True, 'debug_verbose': False, 'downsample': 89, 'batch_size': 8192, 'basis_file_out': '', 'basis_file_in': '', 'class_theta_step': 5, 'num_classes': 5, 'class_size': 300, 'class_gpu': 1, 'ctf': '--ctf', 'iter': 7, 'norm': 'norm', 'em_num_inputs': 150, 'take_last_iter': True, 'em_par': 1, 'em_gpu': '', 'num_class_avg': 2, 'debug': {'basis': <src.__main__.main.<locals>.dummy object at 0x7f4797183130>}}
    opts_keys = ['N', 'verbose', 'debug_verbose', 'downsample', 'batch_size', 'basis_file_out', 'basis_file_in', 'class_theta_step', 'num_classes', 'class_size', 'class_gpu', 'ctf', 'iter', 'norm', 'em_num_inputs', 'take_last_iter', 'em_par', 'em_gpu', 'num_class_avg']
    output_fullpath = '/scratch/guysharon/Work/Python/saved_test_data/tmp.mrcs'
    starfile_fullpath = '/scratch/guysharon/Work/starfiles/dataset_10028.star'

  File "/home/guysharon/.local/lib/python3.8/site-packages/src/cryo_class_average.py", line 52, in class_average
    ca_stack = EM_class_average(classes, classes_ref, starfile_fullpath, opts)
    basis = <src.__main__.main.<locals>.dummy object at 0x7f4797183130>
    chosen_classes = array([21220, 30468, 35510, 44773, 23781, 16095, 45074,  2088,  1477,
       32538])
    classes = array([[23781, 44773,  2088, 21220,  1524],
       [ 4106, 36152, 36434, 16794, 23827],
       [21065, 23482, 22390, 45411, 31435],
       ...,
       [21412, 15765, 24143, 18751, 44573],
       [36257, 22623, 16367, 33887, 43389],
       [17119, 47354, 49031, 36269, 19258]], dtype=uint64)
    classes_ref = array([[ True,  True,  True,  True,  True],
       [ True,  True,  True,  True,  True],
       [ True,  True,  True,  True,  True],
       ...,
       [ True,  True,  True,  True, False],
       [ True,  True,  True, False, False],
       [ True,  True,  True, False,  True]])
    opts = {'N': 500, 'verbose': True, 'debug_verbose': False, 'downsample': 89, 'batch_size': 8192, 'basis_file_out': '', 'basis_file_in': '', 'class_theta_step': 5, 'num_classes': 5, 'class_size': 300, 'class_gpu': 1, 'ctf': '--ctf', 'iter': 7, 'norm': 'norm', 'em_num_inputs': 150, 'take_last_iter': True, 'em_par': 1, 'em_gpu': '', 'num_class_avg': 2, 'debug': {'basis': <src.__main__.main.<locals>.dummy object at 0x7f4797183130>}}
    original_chosen_classes = array([21220, 30468, 35510, 44773, 23781, 16095, 45074,  2088,  1477,
       32538])
    preprocessed_source = <src.cryo_class_average.custom_empty object at 0x7f4797158220>
    starfile_fullpath = '/scratch/guysharon/Work/starfiles/dataset_10028.star'
    t_start = 1516833.850685447

  File "/home/guysharon/.local/lib/python3.8/site-packages/src/cryo_class_average.py", line 664, in EM_class_average
    image_size = reflected_projs_cat.data.shape[1]
    classes = array([[23781, 44773,  2088, 21220,  1524],
       [ 4106, 36152, 36434, 16794, 23827],
       [21065, 23482, 22390, 45411, 31435],
       ...,
       [21412, 15765, 24143, 18751, 44573],
       [36257, 22623, 16367, 33887, 43389],
       [17119, 47354, 49031, 36269, 19258]], dtype=uint64)
    classes_ref = array([[False, False, False, False, False],
       [False, False, False, False, False],
       [False, False, False, False, False],
       ...,
       [False, False, False, False,  True],
       [False, False, False,  True,  True],
       [False, False, False,  True, False]])
    datafiles_folder = '/scratch/guysharon/Work/Python/cryo_class_average/14b9330f79c520820f0514759b305c9e'
    i = 1
    ic = array([], dtype=int64)
    idx = 0
    mrcs_paths = []
    mrcsfname = '/scratch/guysharon/Work/Python/cryo_class_average/14b9330f79c520820f0514759b305c9e/7533fe3b12e354760b23eaf261c7900c.mrcs'
    mrcsindir = '/scratch/guysharon/Work/Python/cryo_class_average/14b9330f79c520820f0514759b305c9e'
    n_ca = 2
    n_inputs = 150
    n_reflected_projs = 0
    opts = {'N': 500, 'verbose': True, 'debug_verbose': False, 'downsample': 89, 'batch_size': 8192, 'basis_file_out': '', 'basis_file_in': '', 'class_theta_step': 5, 'num_classes': 5, 'class_size': 300, 'class_gpu': 1, 'ctf': '--ctf', 'iter': 7, 'norm': 'norm', 'em_num_inputs': 150, 'take_last_iter': True, 'em_par': 1, 'em_gpu': '', 'num_class_avg': 2, 'debug': {'basis': <src.__main__.main.<locals>.dummy object at 0x7f4797183130>}}
    projs_inds = array([], dtype=uint64)
    reflected_projs_inds_cat = array([], dtype=int64)
    rootdir = '/scratch/guysharon/Work/Python/cryo_class_average/'
    sf_data =         _rlnDefocusU  _rlnDefocusV _rlnDefocusAngle _rlnCtfFigureOfMerit  ... _rlnPixelSize _rlnImagePixelSize _rlnMicrographOriginalPixelSize _rlnDetectorPixelSize
0       30364.660156  30626.779297        41.900002             0.099010  ...      1.340000           1.340000                        1.340000             14.000000
1       30364.660156  30626.779297        41.900002             0.099010  ...      1.340000           1.340000                        1.340000             14.000000
2       30364.660156  30626.779297        41.900002             0.099010  ...      1.340000           1.340000                        1.340000             14.000000
3       30364.660156  30626.779297        41.900002             0.099010  ...      1.340000           1.340000                        1.340000             14.000000
4       30364.660156  30626.779297        41.900002             0.099010  ...      1.340000           1.340000                        1.340000             14.000000
...              ...           ...              ...                  ...  ...           ...                ...                             ...                   ...
105242  20252.310547  20569.320312        62.759998             0.128720  ...      1.340000           1.340000                        1.340000             14.000000
105243  20252.310547  20569.320312        62.759998             0.128720  ...      1.340000           1.340000                        1.340000             14.000000
105244  20252.310547  20569.320312        62.759998             0.128720  ...      1.340000           1.340000                        1.340000             14.000000
105245  20252.310547  20569.320312        62.759998             0.128720  ...      1.340000           1.340000                        1.340000             14.000000
105246  20252.310547  20569.320312        62.759998             0.128720  ...      1.340000           1.340000                        1.340000             14.000000

[105247 rows x 27 columns]
    starfile = StarFile with blocks: optics, particles
    starfile_fullpath = '/scratch/guysharon/Work/starfiles/dataset_10028.star'
    t_start = 1516844.588499099
    tmpname = '7533fe3b12e354760b23eaf261c7900c'

